<?xml version="1.0" encoding="UTF-8"?>
<!-- Generated by org.testng.reporters.JUnitReportReporter -->
<testsuite hostname="DESKTOP-GVVML2G" failures="0" tests="1" name="SwagLab.SwagLabTest" time="0.422" errors="0" timestamp="2023-11-29T17:50:37 EET" skipped="0">
  <testcase classname="SwagLab.SwagLabTest" name="FirstTest" time="0.422"/>
  <system-out/>
</testsuite> <!-- SwagLab.SwagLabTest -->
